This is LuaHBTeX, Version 1.17.1 (MiKTeX 24.1) (format=lualatex 2024.11.8)  20 NOV 2024 21:09
 restricted system commands enabled.
**Portada.tex
(./Portada.tex
LaTeX2e <2023-11-01> patch level 1
L3 programming layer <2024-01-04>
Lua module: luaotfload 2023-08-31 3.26 Lua based OpenType font support
Lua module: lualibs 2023-07-13 2.76 ConTeXt Lua standard libraries.
Lua module: lualibs-extended 2023-07-13 2.76 ConTeXt Lua libraries -- extended c
ollection.
luaotfload | conf : Root cache directory is "C:/Users/Lorgio/AppData/Local/MiKTe
X/luatex-cache/generic/names".
luaotfload | init : Loading fontloader "fontloader-2023-08-19.lua" from kpse-res
olved path "C:/Users/Lorgio/AppData/Local/Programs/MiKTeX/tex/luatex/luaotfload/
fontloader-2023-08-19.lua".
Lua-only attribute luaotfload@noligature = 1
luaotfload | init : Context OpenType loader version 3.133
Inserting `luaotfload.node_processor' in `pre_linebreak_filter'.
Inserting `luaotfload.node_processor' in `hpack_filter'.
Inserting `luaotfload.glyph_stream' in `glyph_stream_provider'.
Inserting `luaotfload.define_font' in `define_font'.
Lua-only attribute luaotfload_color_attribute = 2
luaotfload | conf : Root cache directory is "C:/Users/Lorgio/AppData/Local/MiKTe
X/luatex-cache/generic/names".
Inserting `luaotfload.harf.strip_prefix' in `find_opentype_file'.
Inserting `luaotfload.harf.strip_prefix' in `find_truetype_file'.
Removing  `luaotfload.glyph_stream' from `glyph_stream_provider'.
Inserting `luaotfload.harf.glyphstream' in `glyph_stream_provider'.
Inserting `luaotfload.harf.finalize_vlist' in `post_linebreak_filter'.
Inserting `luaotfload.harf.finalize_hlist' in `hpack_filter'.
Inserting `luaotfload.cleanup_files' in `wrapup_run'.
Inserting `luaotfload.harf.finalize_unicode' in `finish_pdffile'.
Inserting `luaotfload.glyphinfo' in `glyph_info'.
Lua-only attribute luaotfload.letterspace_done = 3
Inserting `luaotfload.aux.set_sscale_dimens' in `luaotfload.patch_font'.
Inserting `luaotfload.aux.set_font_index' in `luaotfload.patch_font'.
Inserting `luaotfload.aux.patch_cambria_domh' in `luaotfload.patch_font'.
Inserting `luaotfload.aux.fixup_fontdata' in `luaotfload.patch_font_unsafe'.
Inserting `luaotfload.aux.set_capheight' in `luaotfload.patch_font'.
Inserting `luaotfload.aux.set_xheight' in `luaotfload.patch_font'.
Inserting `luaotfload.rewrite_fontname' in `luaotfload.patch_font'.
Inserting `tracingstacklevels' in `input_level_string'.

! LaTeX Error: Environment titlepage undefined.

See the LaTeX manual or LaTeX Companion for explanation.
Type  H <return>  for immediate help.
 ...                                              
                                                  
l.1 \begin{titlepage}
                   
Your command was ignored.
Type  I <command> <return>  to replace it with another command,
or  <return>  to continue without it.

! Undefined control sequence.
<argument> \undefinedpagestyle 
                    
l.2 	\thispagestyle{titlepage}
                             % Aplica el estilo con el logo de Sección de I...
The control sequence at the end of the top line
of your error message was never \def'ed. If you have
misspelled it (e.g., `\hobx'), type `I' and the correct
spelling (e.g., `I\hbox'). Otherwise just continue,
and I'll forget about whatever was undefined.


! LaTeX Error: Missing \begin{document}.

See the LaTeX manual or LaTeX Companion for explanation.
Type  H <return>  for immediate help.
 ...                                              
                                                  
l.4 	\begin{center}
                 
You're in trouble here.  Try typing  <return>  to proceed.
If that doesn't work, type  X <return>  to quit.


Overfull \hbox (20.0pt too wide) in paragraph at lines 4--4
[] 
 []

luaotfload | db : Font names database loaded from C:/Users/Lorgio/AppData/Local/
MiKTeX/luatex-cache/generic/names/luaotfload-names.luc.gz
! Undefined control sequence.
<recently read> \textcolor 
           
l.6 ...\textbf{\textcolor{custompurple}{Formulario}}
                                                  }
The control sequence at the end of the top line
of your error message was never \def'ed. If you have
misspelled it (e.g., `\hobx'), type `I' and the correct
spelling (e.g., `I\hbox'). Otherwise just continue,
and I'll forget about whatever was undefined.


Overfull \hbox (54.432pt too wide) in paragraph at lines 6--7
 \TU/lmr/bx/n/28 cus- 
 []


Overfull \hbox (64.79202pt too wide) in paragraph at lines 6--7
 \TU/lmr/bx/n/28 tom- 
 []


Overfull \hbox (58.38pt too wide) in paragraph at lines 6--7
 \TU/lmr/bx/n/28 pur- 
 []


Overfull \hbox (51.128pt too wide) in paragraph at lines 6--7
 \TU/lmr/bx/n/28 ple- 
 []


Overfull \hbox (56.30801pt too wide) in paragraph at lines 6--7
 \TU/lmr/bx/n/28 For- 
 []


Overfull \hbox (53.39601pt too wide) in paragraph at lines 6--7
 \TU/lmr/bx/n/28 mu- 
 []


Overfull \hbox (34.58pt too wide) in paragraph at lines 6--7
 \TU/lmr/bx/n/28 la- 
 []


Overfull \hbox (37.40802pt too wide) in paragraph at lines 6--7
 \TU/lmr/bx/n/28 rio 
 []

! Undefined control sequence.
l.11 		{\fontsize{24pt}{24pt}\selectfont\textcolor
                                                {custompurple}{Asignatura}}
The control sequence at the end of the top line
of your error message was never \def'ed. If you have
misspelled it (e.g., `\hobx'), type `I' and the correct
spelling (e.g., `I\hbox'). Otherwise just continue,
and I'll forget about whatever was undefined.


Overfull \hbox (37.87201pt too wide) in paragraph at lines 11--12
 []\TU/lmr/m/n/24 cus- 
 []


Overfull \hbox (45.28801pt too wide) in paragraph at lines 11--12
 \TU/lmr/m/n/24 tom- 
 []


Overfull \hbox (40.27202pt too wide) in paragraph at lines 11--12
 \TU/lmr/m/n/24 pur- 
 []


Overfull \hbox (77.52002pt too wide) in paragraph at lines 11--12
 \TU/lmr/m/n/24 pleAsig- 
 []


Overfull \hbox (63.55203pt too wide) in paragraph at lines 11--12
 \TU/lmr/m/n/24 natura 
 []


Overfull \hbox (28.16pt too wide) in paragraph at lines 16--17
 []\TU/lmr/bx/n/10 Nom- 
 []


Overfull \hbox (16.40001pt too wide) in paragraph at lines 16--17
 \TU/lmr/bx/n/10 bre 
 []


Overfull \hbox (27.69002pt too wide) in paragraph at lines 16--17
 \TU/lmr/bx/n/10 Apel- 
 []


Overfull \hbox (18.52pt too wide) in paragraph at lines 16--17
 \TU/lmr/bx/n/10 lido 
 []


Overfull \hbox (5.75pt too wide) in paragraph at lines 16--17
 \TU/lmr/bx/n/10 1 
 []


Overfull \hbox (27.69002pt too wide) in paragraph at lines 16--17
 \TU/lmr/bx/n/10 Apel- 
 []


Overfull \hbox (18.52pt too wide) in paragraph at lines 16--17
 \TU/lmr/bx/n/10 lido 
 []


Overfull \hbox (5.75pt too wide) in paragraph at lines 16--17
 \TU/lmr/bx/n/10 2 
 []


! LaTeX Error: \begin{document} ended by \end{titlepage}.

See the LaTeX manual or LaTeX Companion for explanation.
Type  H <return>  for immediate help.
 ...                                              
                                                  
l.19 \end{titlepage}
                  
Your command was ignored.
Type  I <command> <return>  to replace it with another command,
or  <return>  to continue without it.

)
! Emergency stop.
<*> Portada.tex
            
*** (job aborted, no legal \end found)



Here is how much of LuaTeX's memory you used:
 30 strings out of 476497
 100000,1977958 words of node,token memory allocated 2386 words of node memory still in use:
   30 hlist, 1 rule, 14 disc, 4 local_par, 1 dir, 98 glue, 9 kern, 24 penalty, 1
08 glyph, 26 attribute, 39 glue_spec, 26 attribute_list nodes
   avail lists: 2:3,3:1,4:2,5:11,7:9,10:1
 22194 multiletter control sequences out of 65536+600000
 18 fonts using 1118495 bytes
 19i,1n,21p,136b,177s stack positions out of 10000i,1000n,20000p,200000b,200000s
!  ==> Fatal error occurred, no output PDF file produced!
